[2026-05-26 20:38:07] 正在第 58 次点击观看视频...
[2026-05-26 20:38:14] 检测到广告关闭/跳过按钮，正在自动关闭广告...
[2026-05-26 20:38:18] 检测到防早关警告弹窗，自动点击继续播放，并启动 15 秒静默播放冷却...
[2026-05-26 20:38:25] 广告处于 15 秒静默播放冷却中，跳过寻找关闭按钮以防早关...
[2026-05-26 20:38:32] 广告处于 15 秒静默播放冷却中，跳过寻找关闭按钮以防早关...
[2026-05-26 20:38:38] 检测到广告关闭/跳过按钮，正在自动关闭广告...
[2026-05-26 20:38:42] 检测到防早关警告弹窗，自动点击继续播放，并启动 15 秒静默播放冷却...
[2026-05-26 20:38:50] 广告处于 15 秒静默播放冷却中，跳过寻找关闭按钮以防早关...
[2026-05-26 20:38:56] 广告处于 15 秒静默播放冷却中，跳过寻找关闭按钮以防早关...
[2026-05-26 20:39:03] 检测到广告关闭/跳过按钮，正在自动关闭广告...
[2026-05-26 20:39:08] 🎉 成功结算：确认视频 ad 奖励弹窗！(video_successes +1)
[2026-05-26 20:39:12] 正在第 59 次点击观看视频...
[2026-05-26 20:39:19] 正在第 60 次点击观看视频...
[2026-05-26 20:39:49] 检测到广告意外跳转至 com.android.vending，正在执行返回键以强制返回广告...
[2026-05-26 20:40:06] 界面无响应或广告播放超时，执行兜底返回操作...
[2026-05-26 20:40:30] 检测到广告关闭/跳过按钮，正在自动关闭广告...
[2026-05-26 20:40:35] 🎉 成功结算：确认视频 ad 奖励弹窗！(video_successes +1)
[2026-05-26 20:40:39] 正在第 61 次点击观看视频...
[2026-05-26 20:40:45] 检测到广告关闭/跳过按钮，正在自动关闭广告...
[2026-05-26 20:40:49] 检测到防早关警告弹窗，自动点击继续播放，并启动 15 秒静默播放冷却...
[2026-05-26 20:40:57] 广告处于 15 秒静默播放冷却中，跳过寻找关闭按钮以防早关...
[2026-05-26 20:41:03] 广告处于 15 秒静默播放冷却中，跳过寻找关闭按钮以防早关...
[2026-05-26 20:41:10] 检测到广告关闭/跳过按钮，正在自动关闭广告...
[2026-05-26 20:41:14] 检测到防早关警告弹窗，自动点击继续播放，并启动 15 秒静默播放冷却...
[2026-05-26 20:41:21] 广告处于 15 秒静默播放冷却中，跳过寻找关闭按钮以防早关...
[2026-05-26 20:41:28] 广告处于 15 秒静默播放冷却中，跳过寻找关闭按钮以防早关...
[2026-05-26 20:41:34] 检测到广告关闭/跳过按钮，正在自动关闭广告...
[2026-05-26 20:41:38] 🎉 成功结算：确认视频 ad 奖励弹窗！(video_successes +1)
[2026-05-26 20:41:42] 正在第 62 次点击观看视频...
[2026-05-26 20:42:00] 检测到广告意外跳转至 com.android.vending，正在执行返回键以强制返回广告...
[2026-05-26 20:42:21] 检测到广告意外跳转至 com.android.vending，正在执行返回键以强制返回广告...
[2026-05-26 20:42:32] 界面无响应或广告播放超时，执行兜底返回操作...
[2026-05-26 20:43:03] 检测到广告关闭/跳过按钮，正在自动关闭广告...
[2026-05-26 20:43:07] 🎉 成功结算：确认视频 ad 奖励弹窗！(video_successes +1)
[2026-05-26 20:43:11] 正在第 63 次点击观看视频...
[2026-05-26 20:43:18] 检测到广告关闭/跳过按钮，正在自动关闭广告...
[2026-05-26 20:43:22] 检测到防早关警告弹窗，自动点击继续播放，并启动 15 秒静默播放冷却...
[2026-05-26 20:43:29] 广告处于 15 秒静默播放冷却中，跳过寻找关闭按钮以防早关...
[2026-05-26 20:43:36] 广告处于 15 秒静默播放冷却中，跳过寻找关闭按钮以防早关...
[2026-05-26 20:43:42] 检测到广告关闭/跳过按钮，正在自动关闭广告...
[2026-05-26 20:43:46] 检测到防早关警告弹窗，自动点击继续播放，并启动 15 秒静默播放冷却...
[2026-05-26 20:43:54] 广告处于 15 秒静默播放冷却中，跳过寻找关闭按钮以防早关...
[2026-05-26 20:44:00] 广告处于 15 秒静默播放冷却中，跳过寻找关闭按钮以防早关...
[2026-05-26 20:44:30] 正在第 64 次点击观看视频...
[2026-05-26 20:44:37] 检测到广告关闭/跳过按钮，正在自动关闭广告...
[2026-05-26 20:44:41] 检测到防早关警告弹窗，自动点击继续播放，并启动 40 秒静默播放冷却...
[2026-05-26 20:44:48] 广告处于 40 秒静默播放冷却中，跳过寻找关闭按钮以防早关...
[2026-05-26 20:44:55] 广告处于 40 秒静默播放冷却中，跳过寻找关闭按钮以防早关...
[2026-05-26 20:45:01] 广告处于 40 秒静默播放冷却中，跳过寻找关闭按钮以防早关...
[2026-05-26 20:45:08] 广告处于 40 秒静默播放冷却中，跳过寻找关闭按钮以防早关...
[2026-05-26 20:45:14] 广告处于 40 秒静默播放冷却中，跳过寻找关闭按钮以防早关...
[2026-05-26 20:45:21] 广告处于 40 秒静默播放冷却中，跳过寻找关闭按钮以防早关...
[2026-05-26 20:45:27] 检测到广告关闭/跳过按钮，正在自动关闭广告...
[2026-05-26 20:45:31] 🎉 成功结算：确认视频 ad 奖励弹窗！(video_successes +1)
[2026-05-26 20:45:35] 正在第 65 次点击观看视频...
[2026-05-26 20:45:42] 检测到广告关闭/跳过按钮，正在自动关闭广告...
[2026-05-26 20:45:46] 检测到防早关警告弹窗，自动点击继续播放，并启动 40 秒静默播放冷却...
[2026-05-26 20:45:54] 广告处于 40 秒静默播放冷却中，跳过寻找关闭按钮以防早关...
[2026-05-26 20:46:00] 广告处于 40 秒静默播放冷却中，跳过寻找关闭按钮以防早关...
[2026-05-26 20:46:07] 广告处于 40 秒静默播放冷却中，跳过寻找关闭按钮以防早关...
[2026-05-26 20:46:23] 🤖 点击清除 WeTalk 启动/其它弹窗（不计入视频奖励次数）
[2026-05-26 20:46:27] 正在第 66 次点击观看视频...
[2026-05-26 20:46:33] 检测到广告关闭/跳过按钮，正在自动关闭广告...
[2026-05-26 20:46:38] 检测到防早关警告弹窗，自动点击继续播放，并启动 22 秒静默播放冷却...
[2026-05-26 20:46:45] 广告处于 22 秒静默播放冷却中，跳过寻找关闭按钮以防早关...
[2026-05-26 20:46:51] 广告处于 22 秒静默播放冷却中，跳过寻找关闭按钮以防早关...
[2026-05-26 20:46:58] 广告处于 22 秒静默播放冷却中，跳过寻找关闭按钮以防早关...
[2026-05-26 20:47:04] 检测到广告关闭/跳过按钮，正在自动关闭广告...
[2026-05-26 20:47:26] ADB 命令超时: ['shell', 'uiautomator', 'dump', '/sdcard/window_dump.xml']
[2026-05-26 20:47:26] 正在清理手机上的 uiautomator 卡死进程...
[2026-05-26 20:47:26] 正在第 67 次点击观看视频...
[2026-05-26 20:48:11] 界面无响应或广告播放超时，执行兜底返回操作...
[2026-05-26 20:48:14] 检测到广告意外跳转至 com.android.vending，正在执行返回键以强制返回广告...
[2026-05-26 20:48:38] 检测到广告关闭/跳过按钮，正在自动关闭广告...
[2026-05-26 20:48:42] 🎉 成功结算：确认视频 ad 奖励弹窗！(video_successes +1)
[2026-05-26 20:48:46] 正在第 68 次点击观看视频...
[2026-05-26 20:48:52] 正在第 69 次点击观看视频...
[2026-05-26 20:48:59] =================================================================
[2026-05-26 20:48:59] 🚀 [主动防护] 检测到灰色按钮！拒绝坐以待毙，启动主动避让与自愈机制...
[2026-05-26 20:48:59] =================================================================
[2026-05-26 20:48:59] Step 1: 正在强杀 WeTalk 应用以清除本地 Ad SDK 缓存...
[2026-05-26 20:49:01] Step 2: 正在闪断网络（重置 IP 地址和 Ad SDK 会话）...
[2026-05-26 20:49:03] 正在等待手机网络自动连接与恢复 (10秒)...
[2026-05-26 20:49:13] Step 3: 正在重新拉起 WeTalk 客户端并进入个人中心...
[2026-05-26 20:49:31] 正在第 70 次点击观看视频...
[2026-05-26 20:49:38] 正在第 71 次点击观看视频...
[2026-05-26 20:49:44] ⚠️ [防封避让] 网络闪断重启后，『观看视频』按钮依然不可用！
[2026-05-26 20:49:44] 可能已触发 WeTalk 每日上限、广告池枯竭或服务器端账号风控。
[2026-05-26 20:49:44] 为保护账号，脚本将进入 5 分钟 (300秒) 的静默观察期...
[2026-05-26 20:49:44] 静默冷却中... 剩余 300 秒
[2026-05-26 20:50:14] 静默冷却中... 剩余 270 秒
[2026-05-26 20:50:44] 静默冷却中... 剩余 240 秒
[2026-05-26 20:51:14] 静默冷却中... 剩余 210 秒
[2026-05-26 20:51:44] 静默冷却中... 剩余 180 秒
[2026-05-26 20:52:14] 静默冷却中... 剩余 150 秒
[2026-05-26 20:52:44] 静默冷却中... 剩余 120 秒
[2026-05-26 20:53:14] 静默冷却中... 剩余 90 秒
[2026-05-26 20:53:44] 静默冷却中... 剩余 60 秒
